\BOOKMARK [1][-]{section.1}{\376\377\000I\000n\000t\000r\000o\000d\000u\000c\000c\000i\000\363\000n}{}% 1
\BOOKMARK [1][-]{section.2}{\376\377\000M\000e\000t\000o\000d\000o\000l\000o\000g\000\355\000a\000\040\000u\000t\000i\000l\000i\000z\000a\000d\000a\000\040\000y\000\040\000p\000l\000a\000n\000i\000f\000i\000c\000a\000c\000i\000\363\000n\000\040\000d\000e\000\040\000l\000a\000s\000\040\000a\000c\000t\000i\000v\000i\000d\000a\000d\000e\000s}{}% 2
\BOOKMARK [1][-]{section.3}{\376\377\000E\000v\000a\000l\000u\000a\000c\000i\000\363\000n\000\040\000d\000e\000\040\000l\000a\000\040\000i\000n\000t\000e\000r\000f\000a\000z\000\040\000g\000r\000\341\000f\000i\000c\000a}{}% 3
\BOOKMARK [1][-]{section.4}{\376\377\000A\000n\000\341\000l\000i\000s\000i\000s\000\040\000d\000e\000l\000\040\000m\000o\000d\000e\000l\000o\000\040\000d\000e\000\040\000d\000a\000t\000o\000s}{}% 4
\BOOKMARK [1][-]{section.5}{\376\377\000E\000v\000a\000l\000u\000a\000c\000i\000\363\000n\000\040\000d\000e\000\040\000r\000e\000q\000u\000e\000r\000i\000m\000i\000e\000n\000t\000o\000s\000\040\000f\000u\000n\000c\000i\000o\000n\000a\000l\000e\000s\000\040\000y\000\040\000n\000o\000\040\000f\000u\000n\000c\000i\000o\000n\000a\000l\000e\000s}{}% 5
\BOOKMARK [2][-]{subsection.5.1}{\376\377\000R\000e\000q\000u\000e\000r\000i\000m\000i\000e\000n\000t\000o\000s\000\040\000f\000u\000n\000c\000i\000o\000n\000a\000l\000e\000s}{section.5}% 6
\BOOKMARK [3][-]{subsubsection.5.1.1}{\376\377\000M\000\363\000d\000u\000l\000o\000\040\000d\000e\000\040\000s\000e\000g\000u\000r\000i\000d\000a\000d}{subsection.5.1}% 7
\BOOKMARK [3][-]{subsubsection.5.1.2}{\376\377\000M\000\363\000d\000u\000l\000o\000\040\000d\000e\000\040\000g\000e\000s\000t\000i\000\363\000n\000\040\000d\000e\000\040\000c\000o\000n\000t\000e\000n\000i\000d\000o\000s}{subsection.5.1}% 8
\BOOKMARK [3][-]{subsubsection.5.1.3}{\376\377\000M\000\363\000d\000u\000l\000o\000\040\000d\000e\000\040\000c\000o\000n\000f\000i\000g\000u\000r\000a\000c\000i\000o\000n\000e\000s\000\040\000d\000e\000l\000\040\000s\000i\000t\000i\000o\000\040\000w\000e\000b}{subsection.5.1}% 9
\BOOKMARK [3][-]{subsubsection.5.1.4}{\376\377\000M\000\363\000d\000u\000l\000o\000\040\000d\000e\000\040\000r\000e\000p\000o\000r\000t\000e\000s}{subsection.5.1}% 10
\BOOKMARK [3][-]{subsubsection.5.1.5}{\376\377\000M\000\363\000d\000u\000l\000o\000\040\000d\000e\000\040\000n\000o\000t\000i\000f\000i\000c\000a\000c\000i\000o\000n\000e\000s}{subsection.5.1}% 11
\BOOKMARK [2][-]{subsection.5.2}{\376\377\000R\000e\000q\000u\000e\000r\000i\000m\000i\000e\000n\000t\000o\000s\000\040\000n\000o\000\040\000f\000u\000n\000c\000i\000o\000n\000a\000l\000e\000s}{section.5}% 12
\BOOKMARK [1][-]{section.6}{\376\377\000P\000r\000u\000e\000b\000a\000\040\000d\000e\000\040\000s\000t\000r\000e\000s\000s}{}% 13
\BOOKMARK [2][-]{subsection.6.1}{\376\377\000O\000b\000j\000e\000t\000i\000v\000o}{section.6}% 14
\BOOKMARK [2][-]{subsection.6.2}{\376\377\000P\000r\000e\000s\000t\000a\000c\000i\000o\000n\000e\000s}{section.6}% 15
\BOOKMARK [2][-]{subsection.6.3}{\376\377\000M\000\351\000t\000r\000i\000c\000a\000s}{section.6}% 16
\BOOKMARK [2][-]{subsection.6.4}{\376\377\000E\000s\000c\000e\000n\000a\000r\000i\000o}{section.6}% 17
\BOOKMARK [2][-]{subsection.6.5}{\376\377\000P\000r\000u\000e\000b\000a}{section.6}% 18
\BOOKMARK [1][-]{section.7}{\376\377\000E\000v\000a\000l\000u\000a\000c\000i\000\363\000n\000\040\000d\000e\000\040\000l\000o\000s\000\040\000c\000a\000s\000o\000s\000\040\000d\000e\000\040\000p\000r\000u\000e\000b\000a}{}% 19
\BOOKMARK [2][-]{subsection.7.1}{\376\377\000C\000a\000s\000o\000\040\0001\000\040\000-\000\040\000C\000r\000e\000a\000r\000\040\000u\000n\000\040\000c\000o\000n\000t\000e\000n\000i\000d\000o}{section.7}% 20
\BOOKMARK [2][-]{subsection.7.2}{\376\377\000C\000a\000s\000o\000\040\0002\000\040\000-\000\040\000I\000n\000a\000c\000t\000i\000v\000a\000r\000\040\000u\000n\000\040\000c\000o\000n\000t\000e\000n\000i\000d\000o}{section.7}% 21
\BOOKMARK [2][-]{subsection.7.3}{\376\377\000C\000a\000s\000o\000\040\0003\000\040\000-\000\040\000P\000u\000b\000l\000i\000c\000a\000r\000\040\000u\000n\000\040\000c\000o\000n\000t\000e\000n\000i\000d\000o}{section.7}% 22
\BOOKMARK [2][-]{subsection.7.4}{\376\377\000C\000a\000s\000o\000\040\0004\000\040\000-\000\040\000I\000n\000a\000c\000t\000i\000v\000a\000r\000\040\000c\000u\000e\000n\000t\000a}{section.7}% 23
\BOOKMARK [2][-]{subsection.7.5}{\376\377\000C\000a\000s\000o\000\040\0005\000\040\000-\000\040\000E\000d\000i\000c\000i\000\363\000n\000\040\000d\000e\000\040\000u\000n\000\040\000c\000o\000n\000t\000e\000n\000i\000d\000o}{section.7}% 24
\BOOKMARK [1][-]{section.8}{\376\377\000I\000n\000s\000p\000e\000c\000c\000i\000\363\000n\000\040\000d\000e\000\040\000c\000\363\000d\000i\000g\000o}{}% 25
\BOOKMARK [2][-]{subsection.8.1}{\376\377\000C\000o\000m\000p\000l\000e\000j\000i\000d\000a\000d\000\040\000C\000i\000c\000l\000o\000m\000\341\000t\000i\000c\000a}{section.8}% 26
\BOOKMARK [2][-]{subsection.8.2}{\376\377\000M\000\351\000t\000r\000i\000c\000a\000s\000\040\000d\000e\000\040\000l\000i\000n\000e\000a\000\040\000d\000e\000\040\000c\000\363\000d\000i\000g\000o\000\040\000y\000\040\000c\000o\000m\000e\000n\000t\000a\000r\000i\000o\000s}{section.8}% 27
\BOOKMARK [1][-]{section.9}{\376\377\000C\000o\000n\000c\000l\000u\000s\000i\000o\000n\000e\000s}{}% 28
